# JRE version: Java(TM) SE Runtime Environment (8.0_231-b11) (build 1.8.0_231-b11)
# Java VM: Java HotSpot(TM) 64-Bit Server VM (25.231-b11 mixed mode windows-amd64 compressed oops)
Heap:
 PSYoungGen      total 1381888K, used 1377559K [0x000000076b200000, 0x00000007bfe80000, 0x00000007c0000000)
  eden space 1374720K, 100% used [0x000000076b200000,0x00000007bf080000,0x00000007bf080000)
  from space 7168K, 39% used [0x00000007bf780000,0x00000007bfa45e88,0x00000007bfe80000)
  to   space 7168K, 0% used [0x00000007bf080000,0x00000007bf080000,0x00000007bf780000)
 ParOldGen       total 110592K, used 11432K [0x00000006c1600000, 0x00000006c8200000, 0x000000076b200000)
  object space 110592K, 10% used [0x00000006c1600000,0x00000006c212a160,0x00000006c8200000)
 Metaspace       used 32629K, capacity 35150K, committed 35456K, reserved 1079296K
  class space    used 4458K, capacity 4883K, committed 4992K, reserved 1048576K
GC Heap History (10 events):
Event: 25.143 GC heap before
{Heap before GC invocations=28 (full 2):
 PSYoungGen      total 1376768K, used 1369134K [0x000000076b200000, 0x00000007bfe00000, 0x00000007c0000000)
  eden space 1366528K, 100% used [0x000000076b200000,0x00000007be880000,0x00000007be880000)
  from space 10240K, 25% used [0x00000007be880000,0x00000007beb0bb78,0x00000007bf280000)
  to   space 9216K, 0% used [0x00000007bf500000,0x00000007bf500000,0x00000007bfe00000)
 ParOldGen       total 110592K, used 11432K [0x00000006c1600000, 0x00000006c8200000, 0x000000076b200000)
  object space 110592K, 10% used [0x00000006c1600000,0x00000006c212a160,0x00000006c8200000)
 Metaspace       used 32532K, capacity 34958K, committed 35200K, reserved 1079296K
  class space    used 4449K, capacity 4883K, committed 4992K, reserved 1048576K
Event: 25.145 GC heap after
Heap after GC invocations=28 (full 2):
 PSYoungGen      total 1379328K, used 3267K [0x000000076b200000, 0x00000007bff00000, 0x00000007c0000000)
  eden space 1370112K, 0% used [0x000000076b200000,0x000000076b200000,0x00000007bec00000)
  from space 9216K, 35% used [0x00000007bf500000,0x00000007bf830da8,0x00000007bfe00000)
  to   space 9216K, 0% used [0x00000007bec00000,0x00000007bec00000,0x00000007bf500000)
 ParOldGen       total 110592K, used 11432K [0x00000006c1600000, 0x00000006c8200000, 0x000000076b200000)
  object space 110592K, 10% used [0x00000006c1600000,0x00000006c212a160,0x00000006c8200000)
 Metaspace       used 32532K, capacity 34958K, committed 35200K, reserved 1079296K
  class space    used 4449K, capacity 4883K, committed 4992K, reserved 1048576K
}
Event: 29.686 GC heap before
{Heap before GC invocations=29 (full 2):
 PSYoungGen      total 1379328K, used 1373379K [0x000000076b200000, 0x00000007bff00000, 0x00000007c0000000)
  eden space 1370112K, 100% used [0x000000076b200000,0x00000007bec00000,0x00000007bec00000)
  from space 9216K, 35% used [0x00000007bf500000,0x00000007bf830da8,0x00000007bfe00000)
  to   space 9216K, 0% used [0x00000007bec00000,0x00000007bec00000,0x00000007bf500000)
 ParOldGen       total 110592K, used 11432K [0x00000006c1600000, 0x00000006c8200000, 0x000000076b200000)
  object space 110592K, 10% used [0x00000006c1600000,0x00000006c212a160,0x00000006c8200000)
 Metaspace       used 32532K, capacity 34958K, committed 35200K, reserved 1079296K
  class space    used 4449K, capacity 4883K, committed 4992K, reserved 1048576K
Event: 29.688 GC heap after
Heap after GC invocations=29 (full 2):
 PSYoungGen      total 1379328K, used 2845K [0x000000076b200000, 0x00000007bff00000, 0x00000007c0000000)
  eden space 1370112K, 0% used [0x000000076b200000,0x000000076b200000,0x00000007bec00000)
  from space 9216K, 30% used [0x00000007bec00000,0x00000007beec76f0,0x00000007bf500000)
  to   space 8704K, 0% used [0x00000007bf680000,0x00000007bf680000,0x00000007bff00000)
 ParOldGen       total 110592K, used 11432K [0x00000006c1600000, 0x00000006c8200000, 0x000000076b200000)
  object space 110592K, 10% used [0x00000006c1600000,0x00000006c212a160,0x00000006c8200000)
 Metaspace       used 32532K, capacity 34958K, committed 35200K, reserved 1079296K
  class space    used 4449K, capacity 4883K, committed 4992K, reserved 1048576K
}
Event: 29.898 GC heap before
{Heap before GC invocations=30 (full 2):
 PSYoungGen      total 1379328K, used 1372957K [0x000000076b200000, 0x00000007bff00000, 0x00000007c0000000)
  eden space 1370112K, 100% used [0x000000076b200000,0x00000007bec00000,0x00000007bec00000)
  from space 9216K, 30% used [0x00000007bec00000,0x00000007beec76f0,0x00000007bf500000)
  to   space 8704K, 0% used [0x00000007bf680000,0x00000007bf680000,0x00000007bff00000)
 ParOldGen       total 110592K, used 11432K [0x00000006c1600000, 0x00000006c8200000, 0x000000076b200000)
  object space 110592K, 10% used [0x00000006c1600000,0x00000006c212a160,0x00000006c8200000)
 Metaspace       used 32532K, capacity 34958K, committed 35200K, reserved 1079296K
  class space    used 4449K, capacity 4883K, committed 4992K, reserved 1048576K
Event: 29.900 GC heap after
Heap after GC invocations=30 (full 2):
 PSYoungGen      total 1380864K, used 2915K [0x000000076b200000, 0x00000007bfe80000, 0x00000007c0000000)
  eden space 1372672K, 0% used [0x000000076b200000,0x000000076b200000,0x00000007bee80000)
  from space 8192K, 35% used [0x00000007bf680000,0x00000007bf958c00,0x00000007bfe80000)
  to   space 8192K, 0% used [0x00000007bee80000,0x00000007bee80000,0x00000007bf680000)
 ParOldGen       total 110592K, used 11432K [0x00000006c1600000, 0x00000006c8200000, 0x000000076b200000)
  object space 110592K, 10% used [0x00000006c1600000,0x00000006c212a160,0x00000006c8200000)
 Metaspace       used 32532K, capacity 34958K, committed 35200K, reserved 1079296K
  class space    used 4449K, capacity 4883K, committed 4992K, reserved 1048576K
}
Event: 30.112 GC heap before
{Heap before GC invocations=31 (full 2):
 PSYoungGen      total 1380864K, used 1375587K [0x000000076b200000, 0x00000007bfe80000, 0x00000007c0000000)
  eden space 1372672K, 100% used [0x000000076b200000,0x00000007bee80000,0x00000007bee80000)
  from space 8192K, 35% used [0x00000007bf680000,0x00000007bf958c00,0x00000007bfe80000)
  to   space 8192K, 0% used [0x00000007bee80000,0x00000007bee80000,0x00000007bf680000)
 ParOldGen       total 110592K, used 11432K [0x00000006c1600000, 0x00000006c8200000, 0x000000076b200000)
  object space 110592K, 10% used [0x00000006c1600000,0x00000006c212a160,0x00000006c8200000)
 Metaspace       used 32532K, capacity 34958K, committed 35200K, reserved 1079296K
  class space    used 4449K, capacity 4883K, committed 4992K, reserved 1048576K
Event: 30.114 GC heap after
Heap after GC invocations=31 (full 2):
 PSYoungGen      total 1380864K, used 3105K [0x000000076b200000, 0x00000007bff00000, 0x00000007c0000000)
  eden space 1372672K, 0% used [0x000000076b200000,0x000000076b200000,0x00000007bee80000)
  from space 8192K, 37% used [0x00000007bee80000,0x00000007bf188540,0x00000007bf680000)
  to   space 7680K, 0% used [0x00000007bf780000,0x00000007bf780000,0x00000007bff00000)
 ParOldGen       total 110592K, used 11432K [0x00000006c1600000, 0x00000006c8200000, 0x000000076b200000)
  object space 110592K, 10% used [0x00000006c1600000,0x00000006c212a160,0x00000006c8200000)
 Metaspace       used 32532K, capacity 34958K, committed 35200K, reserved 1079296K
  class space    used 4449K, capacity 4883K, committed 4992K, reserved 1048576K
}
Event: 30.328 GC heap before
{Heap before GC invocations=32 (full 2):
 PSYoungGen      total 1380864K, used 1375777K [0x000000076b200000, 0x00000007bff00000, 0x00000007c0000000)
  eden space 1372672K, 100% used [0x000000076b200000,0x00000007bee80000,0x00000007bee80000)
  from space 8192K, 37% used [0x00000007bee80000,0x00000007bf188540,0x00000007bf680000)
  to   space 7680K, 0% used [0x00000007bf780000,0x00000007bf780000,0x00000007bff00000)
 ParOldGen       total 110592K, used 11432K [0x00000006c1600000, 0x00000006c8200000, 0x000000076b200000)
  object space 110592K, 10% used [0x00000006c1600000,0x00000006c212a160,0x00000006c8200000)
 Metaspace       used 32532K, capacity 34958K, committed 35200K, reserved 1079296K
  class space    used 4449K, capacity 4883K, committed 4992K, reserved 1048576K
Event: 30.330 GC heap after
Heap after GC invocations=32 (full 2):
 PSYoungGen      total 1381888K, used 2839K [0x000000076b200000, 0x00000007bfe80000, 0x00000007c0000000)
  eden space 1374720K, 0% used [0x000000076b200000,0x000000076b200000,0x00000007bf080000)
  from space 7168K, 39% used [0x00000007bf780000,0x00000007bfa45e88,0x00000007bfe80000)
  to   space 7168K, 0% used [0x00000007bf080000,0x00000007bf080000,0x00000007bf780000)
 ParOldGen       total 110592K, used 11432K [0x00000006c1600000, 0x00000006c8200000, 0x000000076b200000)
  object space 110592K, 10% used [0x00000006c1600000,0x00000006c212a160,0x00000006c8200000)
 Metaspace       used 32532K, capacity 34958K, committed 35200K, reserved 1079296K
  class space    used 4449K, capacity 4883K, committed 4992K, reserved 1048576K
}

